<?xml version="1.0" encoding="UTF-8"?>
<!-- Generated by org.testng.reporters.JUnitReportReporter -->
<testsuite hostname="VDQADEV01-IFZ18" name="Firsttestngpackage.LoginTest" tests="2" failures="0" timestamp="21 Jan 2015 22:22:55 GMT" time="0.061" errors="0">
  <testcase name="Login" time="0.015" classname="Firsttestngpackage.LoginTest"/>
  <testcase name="VerifyTitle" time="0.046" classname="Firsttestngpackage.LoginTest"/>
</testsuite> <!-- Firsttestngpackage.LoginTest -->
