<?xml version="1.0" encoding="UTF-8"?>
<!-- Generated by org.testng.reporters.JUnitReportReporter -->
<testsuite hostname="VDQADEV01-IFZ18" name="tests.NewUserTest" tests="1" failures="0" timestamp="30 Jan 2015 18:15:30 GMT" time="15.742" errors="0">
  <testcase name="ReservationTest" time="15.742" classname="tests.NewUserTest"/>
</testsuite> <!-- tests.NewUserTest -->
